<?xml version="1.0" encoding="UTF-8"?>
<!-- Generated by org.testng.reporters.JUnitXMLReporter -->
<testsuite hostname="qawin7qa01" name="CarouselTemplateScript Test" tests="8" failures="2" timestamp="26 Feb 2018 06:17:27 GMT" time="692.113" errors="0">
  <testcase name="CatLogicTC" time="3.83" classname="com.cat.AutomationPage.CarouselTemplateScript"/>
  <testcase name="CatResetTest" time="19.946" classname="com.cat.AutomationPage.CarouselTemplateScript"/>
  <testcase name="CatCreateCourseTC" time="32.118" classname="com.cat.AutomationPage.CarouselTemplateScript"/>
  <testcase name="CatAddLesson" time="6.532" classname="com.cat.AutomationPage.CarouselTemplateScript"/>
  <testcase name="CatAddTopic" time="4.637" classname="com.cat.AutomationPage.CarouselTemplateScript"/>
  <testcase name="CatAddPage" time="9.298" classname="com.cat.AutomationPage.CarouselTemplateScript"/>
  <testcase name="CatEditCarouselTemplate" time="242.968" classname="com.cat.AutomationPage.CarouselTemplateScript">
    <failure type="org.openqa.selenium.TimeoutException" message="Expected condition failed: waiting for visibility of element located by By.xpath: //label[text()=&amp;apos;Upload Files&amp;apos;] (tried for 30 second(s) with 500 MILLISECONDS interval)
Build info: version: &amp;apos;3.4.0&amp;apos;, revision: &amp;apos;unknown&amp;apos;, time: &amp;apos;unknown&amp;apos;
System info: host: &amp;apos;QAWIN7QA01&amp;apos;, ip: &amp;apos;10.103.15.72&amp;apos;, os.name: &amp;apos;Windows 7&amp;apos;, os.arch: &amp;apos;amd64&amp;apos;, os.version: &amp;apos;6.1&amp;apos;, java.version: &amp;apos;1.8.0_144&amp;apos;
Driver info: org.openqa.selenium.chrome.ChromeDriver
Capabilities [{applicationCacheEnabled=false, rotatable=false, mobileEmulationEnabled=false, networkConnectionEnabled=false, chrome={chromedriverVersion=2.34.522940 (1a76f96f66e3ca7b8e57d503b4dd3bccfba87af1), userDataDir=C:\Users\JENKIN~1.USE\AppData\Local\Temp\scoped_dir4320_20089}, takesHeapSnapshot=true, pageLoadStrategy=normal, databaseEnabled=false, handlesAlerts=true, hasTouchScreen=false, version=64.0.3282.186, platform=XP, browserConnectionEnabled=false, nativeEvents=true, acceptSslCerts=true, locationContextEnabled=true, webStorageEnabled=true, browserName=chrome, takesScreenshot=true, javascriptEnabled=true, cssSelectorsEnabled=true, setWindowRect=true, unexpectedAlertBehaviour=}]
Session ID: 222e7dc48eb49e7976307187c30319a5">
      <![CDATA[org.openqa.selenium.TimeoutException: Expected condition failed: waiting for visibility of element located by By.xpath: //label[text()='Upload Files'] (tried for 30 second(s) with 500 MILLISECONDS interval)
Build info: version: '3.4.0', revision: 'unknown', time: 'unknown'
System info: host: 'QAWIN7QA01', ip: '10.103.15.72', os.name: 'Windows 7', os.arch: 'amd64', os.version: '6.1', java.version: '1.8.0_144'
Driver info: org.openqa.selenium.chrome.ChromeDriver
Capabilities [{applicationCacheEnabled=false, rotatable=false, mobileEmulationEnabled=false, networkConnectionEnabled=false, chrome={chromedriverVersion=2.34.522940 (1a76f96f66e3ca7b8e57d503b4dd3bccfba87af1), userDataDir=C:\Users\JENKIN~1.USE\AppData\Local\Temp\scoped_dir4320_20089}, takesHeapSnapshot=true, pageLoadStrategy=normal, databaseEnabled=false, handlesAlerts=true, hasTouchScreen=false, version=64.0.3282.186, platform=XP, browserConnectionEnabled=false, nativeEvents=true, acceptSslCerts=true, locationContextEnabled=true, webStorageEnabled=true, browserName=chrome, takesScreenshot=true, javascriptEnabled=true, cssSelectorsEnabled=true, setWindowRect=true, unexpectedAlertBehaviour=}]
Session ID: 222e7dc48eb49e7976307187c30319a5
	at org.openqa.selenium.support.ui.WebDriverWait.timeoutException(WebDriverWait.java:80)
	at org.openqa.selenium.support.ui.FluentWait.until(FluentWait.java:232)
	at com.cat.utility.WebAppCommon.waitForElementPresentByXpath(WebAppCommon.java:1386)
	at com.cat.utility.WebAppCommon.clickIdentifierXpath(WebAppCommon.java:1267)
	at com.cat.utility.WebAppCommon.getUploadImage(WebAppCommon.java:2196)
	at com.cat.AutomationScript.CarouselTemplateUtili.editCarouselTemplate(CarouselTemplateUtili.java:76)
	at com.cat.AutomationPage.CarouselTemplateScript.CatEditCarouselTemplate(CarouselTemplateScript.java:77)
... Removed 27 stack frames]]>
    </failure>
  </testcase> <!-- CatEditCarouselTemplate -->
  <testcase name="CatLogOutTC" time="180.02" classname="com.cat.AutomationPage.CarouselTemplateScript">
    <failure type="org.openqa.selenium.TimeoutException" message="Expected condition failed: waiting for visibility of element located by By.xpath: //ul[@class=&amp;apos;nav navbar-nav nav-pills pull-right&amp;apos;]/li[2]/a (tried for 30 second(s) with 500 MILLISECONDS interval)">
      <![CDATA[org.openqa.selenium.TimeoutException: Expected condition failed: waiting for visibility of element located by By.xpath: //ul[@class='nav navbar-nav nav-pills pull-right']/li[2]/a (tried for 30 second(s) with 500 MILLISECONDS interval)
	at org.openqa.selenium.support.ui.WebDriverWait.timeoutException(WebDriverWait.java:80)
	at org.openqa.selenium.support.ui.FluentWait.until(FluentWait.java:232)
	at com.cat.utility.WebAppCommon.waitForElementPresentByXpath(WebAppCommon.java:1386)
	at com.cat.utility.WebAppCommon.clickIdentifierXpath(WebAppCommon.java:1267)
	at com.cat.AutomationScript.ConsultTemplateUtili.logout(ConsultTemplateUtili.java:545)
	at com.cat.AutomationPage.CarouselTemplateScript.CatLogOutTC(CarouselTemplateScript.java:85)
Caused by: org.openqa.selenium.NoSuchElementException: Cannot locate an element using By.xpath: //ul[@class='nav navbar-nav nav-pills pull-right']/li[2]/a
For documentation on this error, please visit: http://seleniumhq.org/exceptions/no_such_element.html
Build info: version: '3.4.0', revision: 'unknown', time: 'unknown'
System info: host: 'QAWIN7QA01', ip: '10.103.15.72', os.name: 'Windows 7', os.arch: 'amd64', os.version: '6.1', java.version: '1.8.0_144'
Driver info: driver.version: unknown
	at org.openqa.selenium.support.ui.ExpectedConditions.lambda$findElement$0(ExpectedConditions.java:883)
	at java.util.Optional.orElseThrow(Unknown Source)
	at org.openqa.selenium.support.ui.ExpectedConditions.findElement(ExpectedConditions.java:882)
	at org.openqa.selenium.support.ui.ExpectedConditions.access$000(ExpectedConditions.java:44)
	at org.openqa.selenium.support.ui.ExpectedConditions$7.apply(ExpectedConditions.java:206)
	at org.openqa.selenium.support.ui.ExpectedConditions$7.apply(ExpectedConditions.java:202)
	at org.openqa.selenium.support.ui.FluentWait.until(FluentWait.java:209)
	... 31 more
... Removed 27 stack frames]]>
    </failure>
  </testcase> <!-- CatLogOutTC -->
</testsuite> <!-- CarouselTemplateScript Test -->
