<?xml version="1.0" encoding="UTF-8"?>
<!-- Generated by org.testng.reporters.JUnitXMLReporter -->
<testsuite hostname="qawin7qa01" name="EditDragAndDropTemplateScript Test" tests="8" failures="1" timestamp="26 Feb 2018 06:24:30 GMT" time="423.394" errors="0">
  <testcase name="CatLogicTC" time="3.864" classname="com.cat.AutomationPage.EditDragAndDropTemplateScript"/>
  <testcase name="CatResetTest" time="22.887" classname="com.cat.AutomationPage.EditDragAndDropTemplateScript"/>
  <testcase name="CatCreateCourseTC" time="392.718" classname="com.cat.AutomationPage.EditDragAndDropTemplateScript">
    <failure type="org.openqa.selenium.TimeoutException" message="Expected condition failed: waiting for visibility of element located by By.xpath: //*[@id=&amp;apos;messageDialog&amp;apos;]/tr/td[2] (tried for 200 second(s) with 500 MILLISECONDS interval)">
      <![CDATA[org.openqa.selenium.TimeoutException: Expected condition failed: waiting for visibility of element located by By.xpath: //*[@id='messageDialog']/tr/td[2] (tried for 200 second(s) with 500 MILLISECONDS interval)
	at org.openqa.selenium.support.ui.WebDriverWait.timeoutException(WebDriverWait.java:80)
	at org.openqa.selenium.support.ui.FluentWait.until(FluentWait.java:232)
	at com.cat.utility.WebAppCommon.getWaitForElementPresent(WebAppCommon.java:1651)
	at com.cat.AutomationScript.ConsultTemplateUtili.createCourse(ConsultTemplateUtili.java:133)
	at com.cat.AutomationPage.EditDragAndDropTemplateScript.CatCreateCourseTC(EditDragAndDropTemplateScript.java:40)
Caused by: org.openqa.selenium.NoSuchElementException: Cannot locate an element using By.xpath: //*[@id='messageDialog']/tr/td[2]
For documentation on this error, please visit: http://seleniumhq.org/exceptions/no_such_element.html
Build info: version: '3.4.0', revision: 'unknown', time: 'unknown'
System info: host: 'QAWIN7QA01', ip: '10.103.15.72', os.name: 'Windows 7', os.arch: 'amd64', os.version: '6.1', java.version: '1.8.0_144'
Driver info: driver.version: unknown
	at org.openqa.selenium.support.ui.ExpectedConditions.lambda$findElement$0(ExpectedConditions.java:883)
	at java.util.Optional.orElseThrow(Unknown Source)
	at org.openqa.selenium.support.ui.ExpectedConditions.findElement(ExpectedConditions.java:882)
	at org.openqa.selenium.support.ui.ExpectedConditions.access$000(ExpectedConditions.java:44)
	at org.openqa.selenium.support.ui.ExpectedConditions$7.apply(ExpectedConditions.java:206)
	at org.openqa.selenium.support.ui.ExpectedConditions$7.apply(ExpectedConditions.java:202)
	at org.openqa.selenium.support.ui.FluentWait.until(FluentWait.java:209)
	... 30 more
... Removed 27 stack frames]]>
    </failure>
  </testcase> <!-- CatCreateCourseTC -->
  <testcase name="CatAddLesson" time="0.0" classname="com.cat.AutomationPage.EditDragAndDropTemplateScript">
    <skipped/>
  </testcase> <!-- CatAddLesson -->
  <testcase name="CatAddTopic" time="0.0" classname="com.cat.AutomationPage.EditDragAndDropTemplateScript">
    <skipped/>
  </testcase> <!-- CatAddTopic -->
  <testcase name="CatAddPage" time="0.0" classname="com.cat.AutomationPage.EditDragAndDropTemplateScript">
    <skipped/>
  </testcase> <!-- CatAddPage -->
  <testcase name="CatEditDragAndDropTemplate" time="0.0" classname="com.cat.AutomationPage.EditDragAndDropTemplateScript">
    <skipped/>
  </testcase> <!-- CatEditDragAndDropTemplate -->
  <testcase name="CatLogOutTC" time="0.0" classname="com.cat.AutomationPage.EditDragAndDropTemplateScript">
    <skipped/>
  </testcase> <!-- CatLogOutTC -->
</testsuite> <!-- EditDragAndDropTemplateScript Test -->
