<?xml version="1.0" encoding="UTF-8"?>
<!-- Generated by org.testng.reporters.JUnitXMLReporter -->
<testsuite hostname="qawin7qa01" name="SelectableHotspotTemplateScript Test" tests="8" failures="1" timestamp="26 Feb 2018 06:39:06 GMT" time="341.362" errors="0">
  <testcase name="CatLogicTC" time="3.213" classname="com.cat.AutomationPage.SelectableHotspotTemplateScript"/>
  <testcase name="CatResetTest" time="19.997" classname="com.cat.AutomationPage.SelectableHotspotTemplateScript"/>
  <testcase name="CatCreateCourseTC" time="33.215" classname="com.cat.AutomationPage.SelectableHotspotTemplateScript"/>
  <testcase name="CatAddLesson" time="6.423" classname="com.cat.AutomationPage.SelectableHotspotTemplateScript"/>
  <testcase name="CatAddTopic" time="4.746" classname="com.cat.AutomationPage.SelectableHotspotTemplateScript"/>
  <testcase name="CatAddPage" time="9.306" classname="com.cat.AutomationPage.SelectableHotspotTemplateScript"/>
  <testcase name="SelectableHotspotPageTC" time="260.546" classname="com.cat.AutomationPage.SelectableHotspotTemplateScript">
    <failure type="org.openqa.selenium.TimeoutException" message="Expected condition failed: waiting for visibility of element located by By.xpath: //label[text()=&amp;apos;Upload Files&amp;apos;] (tried for 30 second(s) with 500 MILLISECONDS interval)
Build info: version: &amp;apos;3.4.0&amp;apos;, revision: &amp;apos;unknown&amp;apos;, time: &amp;apos;unknown&amp;apos;
System info: host: &amp;apos;QAWIN7QA01&amp;apos;, ip: &amp;apos;10.103.15.72&amp;apos;, os.name: &amp;apos;Windows 7&amp;apos;, os.arch: &amp;apos;amd64&amp;apos;, os.version: &amp;apos;6.1&amp;apos;, java.version: &amp;apos;1.8.0_144&amp;apos;
Driver info: org.openqa.selenium.chrome.ChromeDriver
Capabilities [{applicationCacheEnabled=false, rotatable=false, mobileEmulationEnabled=false, networkConnectionEnabled=false, chrome={chromedriverVersion=2.34.522940 (1a76f96f66e3ca7b8e57d503b4dd3bccfba87af1), userDataDir=C:\Users\JENKIN~1.USE\AppData\Local\Temp\scoped_dir6024_24250}, takesHeapSnapshot=true, pageLoadStrategy=normal, databaseEnabled=false, handlesAlerts=true, hasTouchScreen=false, version=64.0.3282.186, platform=XP, browserConnectionEnabled=false, nativeEvents=true, acceptSslCerts=true, locationContextEnabled=true, webStorageEnabled=true, browserName=chrome, takesScreenshot=true, javascriptEnabled=true, cssSelectorsEnabled=true, setWindowRect=true, unexpectedAlertBehaviour=}]
Session ID: 7ce9e11766e10c8a50e6b1e151168510">
      <![CDATA[org.openqa.selenium.TimeoutException: Expected condition failed: waiting for visibility of element located by By.xpath: //label[text()='Upload Files'] (tried for 30 second(s) with 500 MILLISECONDS interval)
Build info: version: '3.4.0', revision: 'unknown', time: 'unknown'
System info: host: 'QAWIN7QA01', ip: '10.103.15.72', os.name: 'Windows 7', os.arch: 'amd64', os.version: '6.1', java.version: '1.8.0_144'
Driver info: org.openqa.selenium.chrome.ChromeDriver
Capabilities [{applicationCacheEnabled=false, rotatable=false, mobileEmulationEnabled=false, networkConnectionEnabled=false, chrome={chromedriverVersion=2.34.522940 (1a76f96f66e3ca7b8e57d503b4dd3bccfba87af1), userDataDir=C:\Users\JENKIN~1.USE\AppData\Local\Temp\scoped_dir6024_24250}, takesHeapSnapshot=true, pageLoadStrategy=normal, databaseEnabled=false, handlesAlerts=true, hasTouchScreen=false, version=64.0.3282.186, platform=XP, browserConnectionEnabled=false, nativeEvents=true, acceptSslCerts=true, locationContextEnabled=true, webStorageEnabled=true, browserName=chrome, takesScreenshot=true, javascriptEnabled=true, cssSelectorsEnabled=true, setWindowRect=true, unexpectedAlertBehaviour=}]
Session ID: 7ce9e11766e10c8a50e6b1e151168510
	at org.openqa.selenium.support.ui.WebDriverWait.timeoutException(WebDriverWait.java:80)
	at org.openqa.selenium.support.ui.FluentWait.until(FluentWait.java:232)
	at com.cat.utility.WebAppCommon.waitForElementPresentByXpath(WebAppCommon.java:1386)
	at com.cat.utility.WebAppCommon.clickIdentifierXpath(WebAppCommon.java:1267)
	at com.cat.utility.WebAppCommon.getUploadImage(WebAppCommon.java:2196)
	at com.cat.AutomationScript.ConsultTemplateUtili.selectableHotspotTemplate(ConsultTemplateUtili.java:605)
	at com.cat.AutomationPage.SelectableHotspotTemplateScript.SelectableHotspotPageTC(SelectableHotspotTemplateScript.java:77)
... Removed 27 stack frames]]>
    </failure>
  </testcase> <!-- SelectableHotspotPageTC -->
  <testcase name="CatLogOutTC" time="0.0" classname="com.cat.AutomationPage.SelectableHotspotTemplateScript">
    <skipped/>
  </testcase> <!-- CatLogOutTC -->
</testsuite> <!-- SelectableHotspotTemplateScript Test -->
