<?xml version="1.0" encoding="UTF-8"?>
<!-- Generated by org.testng.reporters.JUnitXMLReporter -->
<testsuite hostname="qawin7qa01" name="SelectableImageTemplateScript Test" tests="8" failures="1" timestamp="26 Feb 2018 06:05:55 GMT" time="338.574" errors="0">
  <testcase name="CatLogicTC" time="4.719" classname="com.cat.AutomationPage.SelectableImageTemplateScript"/>
  <testcase name="CatResetTest" time="28.583" classname="com.cat.AutomationPage.SelectableImageTemplateScript"/>
  <testcase name="CatCreateCourseTC" time="34.042" classname="com.cat.AutomationPage.SelectableImageTemplateScript"/>
  <testcase name="CatAddLesson" time="6.551" classname="com.cat.AutomationPage.SelectableImageTemplateScript"/>
  <testcase name="CatAddTopic" time="4.679" classname="com.cat.AutomationPage.SelectableImageTemplateScript"/>
  <testcase name="CatAddPage" time="9.271" classname="com.cat.AutomationPage.SelectableImageTemplateScript"/>
  <testcase name="SelectableImagePageTC" time="245.233" classname="com.cat.AutomationPage.SelectableImageTemplateScript">
    <failure type="org.openqa.selenium.TimeoutException" message="Expected condition failed: waiting for visibility of element located by By.xpath: //label[text()=&amp;apos;Upload Files&amp;apos;] (tried for 30 second(s) with 500 MILLISECONDS interval)
Build info: version: &amp;apos;3.4.0&amp;apos;, revision: &amp;apos;unknown&amp;apos;, time: &amp;apos;unknown&amp;apos;
System info: host: &amp;apos;QAWIN7QA01&amp;apos;, ip: &amp;apos;10.103.15.72&amp;apos;, os.name: &amp;apos;Windows 7&amp;apos;, os.arch: &amp;apos;amd64&amp;apos;, os.version: &amp;apos;6.1&amp;apos;, java.version: &amp;apos;1.8.0_144&amp;apos;
Driver info: org.openqa.selenium.chrome.ChromeDriver
Capabilities [{applicationCacheEnabled=false, rotatable=false, mobileEmulationEnabled=false, networkConnectionEnabled=false, chrome={chromedriverVersion=2.34.522940 (1a76f96f66e3ca7b8e57d503b4dd3bccfba87af1), userDataDir=C:\Users\JENKIN~1.USE\AppData\Local\Temp\scoped_dir4320_20089}, takesHeapSnapshot=true, pageLoadStrategy=normal, databaseEnabled=false, handlesAlerts=true, hasTouchScreen=false, version=64.0.3282.186, platform=XP, browserConnectionEnabled=false, nativeEvents=true, acceptSslCerts=true, locationContextEnabled=true, webStorageEnabled=true, browserName=chrome, takesScreenshot=true, javascriptEnabled=true, cssSelectorsEnabled=true, setWindowRect=true, unexpectedAlertBehaviour=}]
Session ID: 222e7dc48eb49e7976307187c30319a5">
      <![CDATA[org.openqa.selenium.TimeoutException: Expected condition failed: waiting for visibility of element located by By.xpath: //label[text()='Upload Files'] (tried for 30 second(s) with 500 MILLISECONDS interval)
Build info: version: '3.4.0', revision: 'unknown', time: 'unknown'
System info: host: 'QAWIN7QA01', ip: '10.103.15.72', os.name: 'Windows 7', os.arch: 'amd64', os.version: '6.1', java.version: '1.8.0_144'
Driver info: org.openqa.selenium.chrome.ChromeDriver
Capabilities [{applicationCacheEnabled=false, rotatable=false, mobileEmulationEnabled=false, networkConnectionEnabled=false, chrome={chromedriverVersion=2.34.522940 (1a76f96f66e3ca7b8e57d503b4dd3bccfba87af1), userDataDir=C:\Users\JENKIN~1.USE\AppData\Local\Temp\scoped_dir4320_20089}, takesHeapSnapshot=true, pageLoadStrategy=normal, databaseEnabled=false, handlesAlerts=true, hasTouchScreen=false, version=64.0.3282.186, platform=XP, browserConnectionEnabled=false, nativeEvents=true, acceptSslCerts=true, locationContextEnabled=true, webStorageEnabled=true, browserName=chrome, takesScreenshot=true, javascriptEnabled=true, cssSelectorsEnabled=true, setWindowRect=true, unexpectedAlertBehaviour=}]
Session ID: 222e7dc48eb49e7976307187c30319a5
	at org.openqa.selenium.support.ui.WebDriverWait.timeoutException(WebDriverWait.java:80)
	at org.openqa.selenium.support.ui.FluentWait.until(FluentWait.java:232)
	at com.cat.utility.WebAppCommon.waitForElementPresentByXpath(WebAppCommon.java:1386)
	at com.cat.utility.WebAppCommon.clickIdentifierXpath(WebAppCommon.java:1267)
	at com.cat.utility.WebAppCommon.getUploadImage(WebAppCommon.java:2196)
	at com.cat.AutomationScript.SelectableImageUtili.selectableimage(SelectableImageUtili.java:66)
	at com.cat.AutomationPage.SelectableImageTemplateScript.SelectableImagePageTC(SelectableImageTemplateScript.java:75)
... Removed 27 stack frames]]>
    </failure>
  </testcase> <!-- SelectableImagePageTC -->
  <testcase name="CatLogOutTC" time="0.0" classname="com.cat.AutomationPage.SelectableImageTemplateScript">
    <skipped/>
  </testcase> <!-- CatLogOutTC -->
</testsuite> <!-- SelectableImageTemplateScript Test -->
