<html>
<head>
<title>TestNG:  Carousel Template Script </title>
<link href="../testng.css" rel="stylesheet" type="text/css" />
<link href="../my-testng.css" rel="stylesheet" type="text/css" />

<style type="text/css">
.log { display: none;} 
.stack-trace { display: none;} 
</style>
<script type="text/javascript">
<!--
function flip(e) {
  current = e.style.display;
  if (current == 'block') {
    e.style.display = 'none';
    return 0;
  }
  else {
    e.style.display = 'block';
    return 1;
  }
}

function toggleBox(szDivId, elem, msg1, msg2)
{
  var res = -1;  if (document.getElementById) {
    res = flip(document.getElementById(szDivId));
  }
  else if (document.all) {
    // this is the way old msie versions work
    res = flip(document.all[szDivId]);
  }
  if(elem) {
    if(res == 0) elem.innerHTML = msg1; else elem.innerHTML = msg2;
  }

}

function toggleAllBoxes() {
  if (document.getElementsByTagName) {
    d = document.getElementsByTagName('div');
    for (i = 0; i < d.length; i++) {
      if (d[i].className == 'log') {
        flip(d[i]);
      }
    }
  }
}

// -->
</script>

</head>
<body>
<h2 align='center'>Carousel Template Script </h2><table border='1' align="center">
<tr>
<td>Tests passed/Failed/Skipped:</td><td>7/1/0</td>
</tr><tr>
<td>Started on:</td><td>Tue Feb 13 04:14:31 PST 2018</td>
</tr>
<tr><td>Total time:</td><td>262 seconds (262235 ms)</td>
</tr><tr>
<td>Included groups:</td><td></td>
</tr><tr>
<td>Excluded groups:</td><td></td>
</tr>
</table><p/>
<small><i>(Hover the method name to see the test class name)</i></small><p/>
<table width='100%' border='1' class='invocation-failed'>
<tr><td colspan='4' align='center'><b>FAILED TESTS</b></td></tr>
<tr><td><b>Test method</b></td>
<td width="30%"><b>Exception</b></td>
<td width="10%"><b>Time (seconds)</b></td>
<td><b>Instance</b></td>
</tr>
<tr>
<td title='com.cat.AutomationPage.CarouselTemplateScript.CatEditCarouselTemplate()'><b>CatEditCarouselTemplate</b><br>Test class: com.cat.AutomationPage.CarouselTemplateScript</td>
<td><div><pre>org.openqa.selenium.TimeoutException: Expected condition failed: waiting for visibility of element located by By.xpath: .//*[@id=&apos;carouselScreens&apos;]/div[2]/div[1]/div[3]/fieldset/div[1]/div/div/div (tried for 30 second(s) with 500 MILLISECONDS interval)
	at org.openqa.selenium.support.ui.WebDriverWait.timeoutException(WebDriverWait.java:80)
	at org.openqa.selenium.support.ui.FluentWait.until(FluentWait.java:232)
	at com.cat.utility.WebAppCommon.waitForElementPresentByXpath(WebAppCommon.java:1383)
	at com.cat.utility.WebAppCommon.typeTextByXpath(WebAppCommon.java:1626)
	at com.cat.AutomationScript.CarouselTemplateUtili.addCarouselScreen(CarouselTemplateUtili.java:252)
	at com.cat.AutomationPage.CarouselTemplateScript.CatEditCarouselTemplate(CarouselTemplateScript.java:78)
Caused by: org.openqa.selenium.NoSuchElementException: Cannot locate an element using By.xpath: .//*[@id=&apos;carouselScreens&apos;]/div[2]/div[1]/div[3]/fieldset/div[1]/div/div/div
For documentation on this error, please visit: http://seleniumhq.org/exceptions/no_such_element.html
Build info: version: &apos;3.4.0&apos;, revision: &apos;unknown&apos;, time: &apos;unknown&apos;
System info: host: &apos;QAWIN7QA01&apos;, ip: &apos;10.103.15.72&apos;, os.name: &apos;Windows 7&apos;, os.arch: &apos;amd64&apos;, os.version: &apos;6.1&apos;, java.version: &apos;1.8.0_144&apos;
Driver info: driver.version: unknown
	at org.openqa.selenium.support.ui.ExpectedConditions.lambda$findElement$0(ExpectedConditions.java:883)
	at java.util.Optional.orElseThrow(Unknown Source)
	at org.openqa.selenium.support.ui.ExpectedConditions.findElement(ExpectedConditions.java:882)
	at org.openqa.selenium.support.ui.ExpectedConditions.access$000(ExpectedConditions.java:44)
	at org.openqa.selenium.support.ui.ExpectedConditions$7.apply(ExpectedConditions.java:206)
	at org.openqa.selenium.support.ui.ExpectedConditions$7.apply(ExpectedConditions.java:202)
	at org.openqa.selenium.support.ui.FluentWait.until(FluentWait.java:209)
	... 28 more
... Removed 24 stack frames</pre></div><a href='#' onClick='toggleBox("stack-trace1210600718", this, "Click to show all stack frames", "Click to hide stack frames")'>Click to show all stack frames</a>
<div class='stack-trace' id='stack-trace1210600718'><pre>org.openqa.selenium.TimeoutException: Expected condition failed: waiting for visibility of element located by By.xpath: .//*[@id=&apos;carouselScreens&apos;]/div[2]/div[1]/div[3]/fieldset/div[1]/div/div/div (tried for 30 second(s) with 500 MILLISECONDS interval)
	at org.openqa.selenium.support.ui.WebDriverWait.timeoutException(WebDriverWait.java:80)
	at org.openqa.selenium.support.ui.FluentWait.until(FluentWait.java:232)
	at com.cat.utility.WebAppCommon.waitForElementPresentByXpath(WebAppCommon.java:1383)
	at com.cat.utility.WebAppCommon.typeTextByXpath(WebAppCommon.java:1626)
	at com.cat.AutomationScript.CarouselTemplateUtili.addCarouselScreen(CarouselTemplateUtili.java:252)
	at com.cat.AutomationPage.CarouselTemplateScript.CatEditCarouselTemplate(CarouselTemplateScript.java:78)
	at sun.reflect.NativeMethodAccessorImpl.invoke0(Native Method)
	at sun.reflect.NativeMethodAccessorImpl.invoke(Unknown Source)
	at sun.reflect.DelegatingMethodAccessorImpl.invoke(Unknown Source)
	at java.lang.reflect.Method.invoke(Unknown Source)
	at org.testng.internal.MethodInvocationHelper.invokeMethod(MethodInvocationHelper.java:86)
	at org.testng.internal.Invoker.invokeMethod(Invoker.java:643)
	at org.testng.internal.Invoker.invokeTestMethod(Invoker.java:820)
	at org.testng.internal.Invoker.invokeTestMethods(Invoker.java:1128)
	at org.testng.internal.TestMethodWorker.invokeTestMethods(TestMethodWorker.java:129)
	at org.testng.internal.TestMethodWorker.run(TestMethodWorker.java:112)
	at org.testng.TestRunner.privateRun(TestRunner.java:782)
	at org.testng.TestRunner.run(TestRunner.java:632)
	at org.testng.SuiteRunner.runTest(SuiteRunner.java:366)
	at org.testng.SuiteRunner.runSequentially(SuiteRunner.java:361)
	at org.testng.SuiteRunner.privateRun(SuiteRunner.java:319)
	at org.testng.SuiteRunner.run(SuiteRunner.java:268)
	at org.testng.SuiteRunnerWorker.runSuite(SuiteRunnerWorker.java:52)
	at org.testng.SuiteRunnerWorker.run(SuiteRunnerWorker.java:86)
	at org.testng.TestNG.runSuitesSequentially(TestNG.java:1244)
	at org.testng.TestNG.runSuitesLocally(TestNG.java:1169)
	at org.testng.TestNG.run(TestNG.java:1064)
	at org.testng.remote.AbstractRemoteTestNG.run(AbstractRemoteTestNG.java:114)
	at org.testng.remote.RemoteTestNG.initAndRun(RemoteTestNG.java:251)
	at org.testng.remote.RemoteTestNG.main(RemoteTestNG.java:77)
Caused by: org.openqa.selenium.NoSuchElementException: Cannot locate an element using By.xpath: .//*[@id=&apos;carouselScreens&apos;]/div[2]/div[1]/div[3]/fieldset/div[1]/div/div/div
For documentation on this error, please visit: http://seleniumhq.org/exceptions/no_such_element.html
Build info: version: &apos;3.4.0&apos;, revision: &apos;unknown&apos;, time: &apos;unknown&apos;
System info: host: &apos;QAWIN7QA01&apos;, ip: &apos;10.103.15.72&apos;, os.name: &apos;Windows 7&apos;, os.arch: &apos;amd64&apos;, os.version: &apos;6.1&apos;, java.version: &apos;1.8.0_144&apos;
Driver info: driver.version: unknown
	at org.openqa.selenium.support.ui.ExpectedConditions.lambda$findElement$0(ExpectedConditions.java:883)
	at java.util.Optional.orElseThrow(Unknown Source)
	at org.openqa.selenium.support.ui.ExpectedConditions.findElement(ExpectedConditions.java:882)
	at org.openqa.selenium.support.ui.ExpectedConditions.access$000(ExpectedConditions.java:44)
	at org.openqa.selenium.support.ui.ExpectedConditions$7.apply(ExpectedConditions.java:206)
	at org.openqa.selenium.support.ui.ExpectedConditions$7.apply(ExpectedConditions.java:202)
	at org.openqa.selenium.support.ui.FluentWait.until(FluentWait.java:209)
	... 28 more
</pre></div></td>
<td>151</td>
<td>com.cat.AutomationPage.CarouselTemplateScript@36b4cef0</td></tr>
</table><p>
<table width='100%' border='1' class='invocation-passed'>
<tr><td colspan='4' align='center'><b>PASSED TESTS</b></td></tr>
<tr><td><b>Test method</b></td>
<td width="30%"><b>Exception</b></td>
<td width="10%"><b>Time (seconds)</b></td>
<td><b>Instance</b></td>
</tr>
<tr>
<td title='com.cat.AutomationPage.CarouselTemplateScript.CatAddLesson()'><b>CatAddLesson</b><br>Test class: com.cat.AutomationPage.CarouselTemplateScript</td>
<td></td>
<td>14</td>
<td>com.cat.AutomationPage.CarouselTemplateScript@36b4cef0</td></tr>
<tr>
<td title='com.cat.AutomationPage.CarouselTemplateScript.CatAddPage()'><b>CatAddPage</b><br>Test class: com.cat.AutomationPage.CarouselTemplateScript</td>
<td></td>
<td>5</td>
<td>com.cat.AutomationPage.CarouselTemplateScript@36b4cef0</td></tr>
<tr>
<td title='com.cat.AutomationPage.CarouselTemplateScript.CatAddTopic()'><b>CatAddTopic</b><br>Test class: com.cat.AutomationPage.CarouselTemplateScript</td>
<td></td>
<td>8</td>
<td>com.cat.AutomationPage.CarouselTemplateScript@36b4cef0</td></tr>
<tr>
<td title='com.cat.AutomationPage.CarouselTemplateScript.CatCreateCourseTC()'><b>CatCreateCourseTC</b><br>Test class: com.cat.AutomationPage.CarouselTemplateScript</td>
<td></td>
<td>31</td>
<td>com.cat.AutomationPage.CarouselTemplateScript@36b4cef0</td></tr>
<tr>
<td title='com.cat.AutomationPage.CarouselTemplateScript.CatLogOutTC()'><b>CatLogOutTC</b><br>Test class: com.cat.AutomationPage.CarouselTemplateScript</td>
<td></td>
<td>4</td>
<td>com.cat.AutomationPage.CarouselTemplateScript@36b4cef0</td></tr>
<tr>
<td title='com.cat.AutomationPage.CarouselTemplateScript.CatLogicTC()'><b>CatLogicTC</b><br>Test class: com.cat.AutomationPage.CarouselTemplateScript</td>
<td></td>
<td>8</td>
<td>com.cat.AutomationPage.CarouselTemplateScript@36b4cef0</td></tr>
<tr>
<td title='com.cat.AutomationPage.CarouselTemplateScript.CatResetTest()'><b>CatResetTest</b><br>Test class: com.cat.AutomationPage.CarouselTemplateScript</td>
<td></td>
<td>18</td>
<td>com.cat.AutomationPage.CarouselTemplateScript@36b4cef0</td></tr>
</table><p>
</body>
</html>