<?xml version="1.0" encoding="UTF-8"?>
<!-- Generated by org.testng.reporters.JUnitXMLReporter -->
<testsuite hostname="qawin7qa01" name="Carousel Template Script " tests="8" failures="1" timestamp="13 Feb 2018 12:18:53 GMT" time="262.235" errors="0">
  <testcase name="CatLogicTC" time="8.685" classname="com.cat.AutomationPage.CarouselTemplateScript"/>
  <testcase name="CatResetTest" time="18.966" classname="com.cat.AutomationPage.CarouselTemplateScript"/>
  <testcase name="CatCreateCourseTC" time="31.574" classname="com.cat.AutomationPage.CarouselTemplateScript"/>
  <testcase name="CatAddLesson" time="14.215" classname="com.cat.AutomationPage.CarouselTemplateScript"/>
  <testcase name="CatAddTopic" time="8.105" classname="com.cat.AutomationPage.CarouselTemplateScript"/>
  <testcase name="CatAddPage" time="5.346" classname="com.cat.AutomationPage.CarouselTemplateScript"/>
  <testcase name="CatEditCarouselTemplate" time="151.903" classname="com.cat.AutomationPage.CarouselTemplateScript">
    <failure type="org.openqa.selenium.TimeoutException" message="Expected condition failed: waiting for visibility of element located by By.xpath: .//*[@id=&amp;apos;carouselScreens&amp;apos;]/div[2]/div[1]/div[3]/fieldset/div[1]/div/div/div (tried for 30 second(s) with 500 MILLISECONDS interval)">
      <![CDATA[org.openqa.selenium.TimeoutException: Expected condition failed: waiting for visibility of element located by By.xpath: .//*[@id='carouselScreens']/div[2]/div[1]/div[3]/fieldset/div[1]/div/div/div (tried for 30 second(s) with 500 MILLISECONDS interval)
	at org.openqa.selenium.support.ui.WebDriverWait.timeoutException(WebDriverWait.java:80)
	at org.openqa.selenium.support.ui.FluentWait.until(FluentWait.java:232)
	at com.cat.utility.WebAppCommon.waitForElementPresentByXpath(WebAppCommon.java:1383)
	at com.cat.utility.WebAppCommon.typeTextByXpath(WebAppCommon.java:1626)
	at com.cat.AutomationScript.CarouselTemplateUtili.addCarouselScreen(CarouselTemplateUtili.java:252)
	at com.cat.AutomationPage.CarouselTemplateScript.CatEditCarouselTemplate(CarouselTemplateScript.java:78)
Caused by: org.openqa.selenium.NoSuchElementException: Cannot locate an element using By.xpath: .//*[@id='carouselScreens']/div[2]/div[1]/div[3]/fieldset/div[1]/div/div/div
For documentation on this error, please visit: http://seleniumhq.org/exceptions/no_such_element.html
Build info: version: '3.4.0', revision: 'unknown', time: 'unknown'
System info: host: 'QAWIN7QA01', ip: '10.103.15.72', os.name: 'Windows 7', os.arch: 'amd64', os.version: '6.1', java.version: '1.8.0_144'
Driver info: driver.version: unknown
	at org.openqa.selenium.support.ui.ExpectedConditions.lambda$findElement$0(ExpectedConditions.java:883)
	at java.util.Optional.orElseThrow(Unknown Source)
	at org.openqa.selenium.support.ui.ExpectedConditions.findElement(ExpectedConditions.java:882)
	at org.openqa.selenium.support.ui.ExpectedConditions.access$000(ExpectedConditions.java:44)
	at org.openqa.selenium.support.ui.ExpectedConditions$7.apply(ExpectedConditions.java:206)
	at org.openqa.selenium.support.ui.ExpectedConditions$7.apply(ExpectedConditions.java:202)
	at org.openqa.selenium.support.ui.FluentWait.until(FluentWait.java:209)
	... 28 more
... Removed 24 stack frames]]>
    </failure>
  </testcase> <!-- CatEditCarouselTemplate -->
  <testcase name="CatLogOutTC" time="4.19" classname="com.cat.AutomationPage.CarouselTemplateScript"/>
</testsuite> <!-- Carousel Template Script  -->
